C51 COMPILER V9.56.0.0   LCD                                                               04/13/2020 22:55:41 PAGE 1   


C51 COMPILER V9.56.0.0, COMPILATION OF MODULE LCD
OBJECT MODULE PLACED IN lcd.OBJ
COMPILER INVOKED BY: D:\MKD\C51\BIN\C51.EXE lcd.c OPTIMIZE(8,SPEED) BROWSE DEBUG OBJECTEXTEND

line level    source

   1          #include "lcd.h"
   2          
   3          /*******************************************************************************
   4          * 函 数 名         : Lcd1602_Delay1ms
   5          * 函数功能                  : 延时函数，延时1ms
   6          * 输    入         : c
   7          * 输    出         : 无
   8          * 说    名         : 该函数是在12MHZ晶振下，12分频单片机的延时。
   9          *******************************************************************************/
  10          char num = 0;
  11          
  12          void Lcd1602_Delay1ms(unsigned int c)   //误差 0us
  13          {
  14   1          unsigned char a,b;
  15   1              for (; c>0; c--)
  16   1              {
  17   2                       for (b=199;b>0;b--)
  18   2                       {
  19   3                              for(a=1;a>0;a--);
  20   3                       }      
  21   2              }
  22   1              
  23   1      }
  24          
  25          /*******************************************************************************
  26          * 函 数 名         : LcdWriteCom
  27          * 函数功能                 : 向LCD写入一个字节的命令
  28          * 输    入         : com
  29          * 输    出         : 无
  30          *******************************************************************************/
  31          void LcdWriteCom(unsigned char com)       //写入命令
  32          {
  33   1              LCD1602_E = 0;     //使能
  34   1              LCD1602_RS = 0;    //选择发送命令
  35   1              LCD1602_RW = 0;    //选择写入
  36   1              
  37   1              LCD1602_DATAPINS = com;     //放入命令
  38   1              Lcd1602_Delay1ms(1);            //等待数据稳定
  39   1      
  40   1              LCD1602_E = 1;            //写入时序
  41   1              Lcd1602_Delay1ms(5);      //保持时间
  42   1              LCD1602_E = 0;
  43   1      }
  44          
  45          /*******************************************************************************
  46          * 函 数 名         : LcdWriteData
  47          * 函数功能                 : 向LCD写入一个字节的数据
  48          * 输    入         : dat
  49          * 输    出         : 无
  50          *******************************************************************************/                   
  51                             
  52          void LcdWriteData(unsigned char dat)                    //写入数据
  53          {
  54   1              LCD1602_E = 0;  //使能清零
  55   1              LCD1602_RS = 1; //选择输入数据
C51 COMPILER V9.56.0.0   LCD                                                               04/13/2020 22:55:41 PAGE 2   

  56   1              LCD1602_RW = 0; //选择写入
  57   1      
  58   1              LCD1602_DATAPINS = dat; //写入数据
  59   1              Lcd1602_Delay1ms(1);
  60   1      
  61   1              LCD1602_E = 1;   //写入时序
  62   1              Lcd1602_Delay1ms(5);   //保持时间
  63   1              LCD1602_E = 0;
  64   1      }
  65          
  66          
  67          void LcdInit()                                            //LCD初始化子程序
  68          {
  69   1              LcdWriteCom(0x38);  //开显示
  70   1              LcdWriteCom(0x0c);  //开显示不显示光标
  71   1              LcdWriteCom(0x06);  //写一个指针加1
  72   1              LcdWriteCom(0x01);  //清屏
  73   1              LcdWriteCom(0x80);  //设置数据指针起点
  74   1          
  75   1          for(num=0;num<16;num++)
  76   1              {
  77   2                      LcdWriteData(table[num]);
  78   2              }
  79   1              LcdWriteCom(0x80+0x40);
  80   1              for(num=0;num<16;num++)
  81   1              {
  82   2                      LcdWriteData(table1[num]);
  83   2              }
  84   1          
  85   1      }
  86          


MODULE INFORMATION:   STATIC OVERLAYABLE
   CODE SIZE        =    141    ----
   CONSTANT SIZE    =   ----    ----
   XDATA SIZE       =   ----    ----
   PDATA SIZE       =   ----    ----
   DATA SIZE        =      1    ----
   IDATA SIZE       =   ----    ----
   BIT SIZE         =   ----    ----
END OF MODULE INFORMATION.


C51 COMPILATION COMPLETE.  0 WARNING(S),  0 ERROR(S)
